#
# There is insufficient memory for the Java Runtime Environment to continue.
# Native memory allocation (malloc) failed to allocate 65536 bytes for offset table expansion
# Possible reasons:
#   The system is out of physical RAM or swap space
#   In 32 bit mode, the process size limit was hit
# Possible solutions:
#   Reduce memory load on the system
#   Increase physical memory or swap space
#   Check if swap backing store is full
#   Use 64 bit Java on a 64 bit OS
#   Decrease Java heap size (-Xmx/-Xms)
#   Decrease number of Java threads
#   Decrease Java thread stack sizes (-Xss)
#   Set larger code cache with -XX:ReservedCodeCacheSize=
# This output file may be truncated or incomplete.
#
#  Out of Memory Error (blockOffsetTable.cpp:83), pid=6156, tid=908
#
# JRE version: Java(TM) SE Runtime Environment (7.0_51-b13) (build 1.7.0_51-b13)
# Java VM: Java HotSpot(TM) Client VM (24.51-b03 mixed mode windows-x86 )
# Failed to write core dump. Minidumps are not enabled by default on client versions of Windows
#

---------------  T H R E A D  ---------------

Current thread (0x497f2400):  VMThread [stack: 0x002f0000,0x00340000] [id=908]

Stack: [0x002f0000,0x00340000],  sp=0x0033f1d4,  free space=316k
Native frames: (J=compiled Java code, j=interpreted, Vv=VM code, C=native code)
V  [jvm.dll+0x18e0f1]
V  [jvm.dll+0x187ff5]
V  [jvm.dll+0x78970]
V  [jvm.dll+0x86c1b]
V  [jvm.dll+0x86a3e]
V  [jvm.dll+0x86b67]
V  [jvm.dll+0x87287]
V  [jvm.dll+0x85a14]
V  [jvm.dll+0x8709b]
V  [jvm.dll+0x7ea2d]
V  [jvm.dll+0xb947d]
V  [jvm.dll+0x8d9c3]
V  [jvm.dll+0x86e61]
V  [jvm.dll+0x84477]
V  [jvm.dll+0x7e267]
V  [jvm.dll+0x854aa]
V  [jvm.dll+0x7c183]
V  [jvm.dll+0x19c156]
V  [jvm.dll+0x16636b]
V  [jvm.dll+0x165771]
V  [jvm.dll+0x165b87]
V  [jvm.dll+0x165d82]
V  [jvm.dll+0x1a4b79]
C  [msvcr100.dll+0x5c556]
C  [msvcr100.dll+0x5c600]
C  [kernel32.dll+0x4ee6c]
C  [ntdll.dll+0x63ab3]
C  [ntdll.dll+0x63a86]

VM_Operation (0x0124f064): GenCollectForAllocation, mode: safepoint, requested by thread 0x49900800


---------------  P R O C E S S  ---------------

Java Threads: ( => current thread )
  0x4992d000 JavaThread "pool-1-thread-4" [_thread_blocked, id=6220, stack(0x49b70000,0x49bc0000)]
  0x49930400 JavaThread "pool-1-thread-3" [_thread_blocked, id=6240, stack(0x4a190000,0x4a1e0000)]
  0x49920c00 JavaThread "pool-1-thread-2" [_thread_blocked, id=6216, stack(0x49f90000,0x49fe0000)]
  0x49906000 JavaThread "pool-2-thread-1" [_thread_blocked, id=6292, stack(0x4a060000,0x4a0b0000)]
  0x49900800 JavaThread "pool-1-thread-1" [_thread_blocked, id=5716, stack(0x01200000,0x01250000)]
  0x49830000 JavaThread "Service Thread" daemon [_thread_blocked, id=5380, stack(0x49c60000,0x49cb0000)]
  0x4982b000 JavaThread "C1 CompilerThread0" daemon [_thread_blocked, id=4496, stack(0x49b00000,0x49b50000)]
  0x49829c00 JavaThread "Attach Listener" daemon [_thread_blocked, id=4712, stack(0x49be0000,0x49c30000)]
  0x49826800 JavaThread "Signal Dispatcher" daemon [_thread_blocked, id=5760, stack(0x012b0000,0x01300000)]
  0x497f6c00 JavaThread "Finalizer" daemon [_thread_blocked, id=3700, stack(0x49a60000,0x49ab0000)]
  0x497f4400 JavaThread "Reference Handler" daemon [_thread_blocked, id=1396, stack(0x01360000,0x013b0000)]
  0x0135c000 JavaThread "main" [_thread_blocked, id=3244, stack(0x013d0000,0x01420000)]

Other Threads:
=>0x497f2400 VMThread [stack: 0x002f0000,0x00340000] [id=908]
  0x49853c00 WatcherThread [stack: 0x49a10000,0x49a60000] [id=3192]

VM state:at safepoint (normal execution)

VM Mutex/Monitor currently owned by a thread:  ([mutex/lock_event])
[0x0135a618] Threads_lock - owner thread: 0x497f2400
[0x0135aa28] Heap_lock - owner thread: 0x49900800

Heap
 def new generation   total 14592K, used 12992K [0x03660000, 0x04630000, 0x18bb0000)
  eden space 12992K, 100% used [0x03660000, 0x04310000, 0x04310000)
  from space 1600K,   0% used [0x04310000, 0x04310000, 0x044a0000)
  to   space 1600K, 100% used [0x044a0000, 0x04630000, 0x04630000)
 tenured generation   total 32692K, used 32691K [0x18bb0000, 0x1abbd000, 0x43660000)
   the space 32692K,  99% used [0x18bb0000, 0x1ab9cff0, 0x1ab9d000, 0x1ab9d000)
 compacting perm gen  total 12288K, used 3528K [0x43660000, 0x44260000, 0x47660000)
   the space 12288K,  28% used [0x43660000, 0x439d2148, 0x439d2200, 0x44260000)
No shared spaces configured.

Card table byte_map: [0x49460000,0x49690000] byte_map_base: 0x49444d00

Polling page: 0x00120000

Code Cache  [0x01660000, 0x018e8000, 0x03660000)
 total_blobs=1217 nmethods=1068 adapters=85 free_code_cache=30201Kb largest_free_block=30926528

Compilation events (10 events):
Event: 9.381 Thread 0x4982b000 1064             com.android.dx.ssa.back.FirstFitLocalCombiningAllocator::findRangeAndAdjust (311 bytes)
Event: 9.384 Thread 0x4982b000 nmethod 1064 0x018dfb08 code [0x018dfd10, 0x018e0460]
Event: 9.391 Thread 0x4982b000 1065             com.android.dx.ssa.LiteralOpUpgrader$1::visitPhiInsn (1 bytes)
Event: 9.391 Thread 0x4982b000 nmethod 1065 0x018e1108 code [0x018e1200, 0x018e1280]
Event: 9.395 Thread 0x4982b000 1066             com.android.dx.ssa.back.FirstFitLocalCombiningAllocator$1::visitPhiInsn (6 bytes)
Event: 9.396 Thread 0x4982b000 nmethod 1066 0x018e12c8 code [0x018e13c0, 0x018e144c]
Event: 9.396 Thread 0x4982b000 1067             com.android.dx.ssa.back.FirstFitLocalCombiningAllocator::rangeContainsReserved (30 bytes)
Event: 9.396 Thread 0x4982b000 nmethod 1067 0x018e14c8 code [0x018e15d0, 0x018e16cc]
Event: 9.414 Thread 0x4982b000 1068             com.android.dx.cf.code.ByteCatchList$Item::getExceptionClass (18 bytes)
Event: 9.416 Thread 0x4982b000 nmethod 1068 0x018e1788 code [0x018e1880, 0x018e1910]

GC Heap History (10 events):
Event: 8.254 GC heap after
Heap after GC invocations=27 (full 2):
 def new generation   total 14400K, used 1599K [0x03660000, 0x04600000, 0x18bb0000)
  eden space 12800K,   0% used [0x03660000, 0x03660000, 0x042e0000)
  from space 1600K,  99% used [0x042e0000, 0x0446fff8, 0x04470000)
  to   space 1600K,   0% used [0x04470000, 0x04470000, 0x04600000)
 tenured generation   total 31924K, used 25424K [0x18bb0000, 0x1aadd000, 0x43660000)
   the space 31924K,  79% used [0x18bb0000, 0x1a484040, 0x1a484200, 0x1aadd000)
 compacting perm gen  total 12288K, used 3528K [0x43660000, 0x44260000, 0x47660000)
   the space 12288K,  28% used [0x43660000, 0x439d2148, 0x439d2200, 0x44260000)
No shared spaces configured.
}
Event: 8.432 GC heap before
{Heap before GC invocations=27 (full 2):
 def new generation   total 14400K, used 14399K [0x03660000, 0x04600000, 0x18bb0000)
  eden space 12800K, 100% used [0x03660000, 0x042e0000, 0x042e0000)
  from space 1600K,  99% used [0x042e0000, 0x0446fff8, 0x04470000)
  to   space 1600K,   0% used [0x04470000, 0x04470000, 0x04600000)
 tenured generation   total 31924K, used 25424K [0x18bb0000, 0x1aadd000, 0x43660000)
   the space 31924K,  79% used [0x18bb0000, 0x1a484040, 0x1a484200, 0x1aadd000)
 compacting perm gen  total 12288K, used 3528K [0x43660000, 0x44260000, 0x47660000)
   the space 12288K,  28% used [0x43660000, 0x439d2148, 0x439d2200, 0x44260000)
No shared spaces configured.
Event: 8.454 GC heap after
Heap after GC invocations=28 (full 2):
 def new generation   total 14400K, used 1600K [0x03660000, 0x04600000, 0x18bb0000)
  eden space 12800K,   0% used [0x03660000, 0x03660000, 0x042e0000)
  from space 1600K, 100% used [0x04470000, 0x04600000, 0x04600000)
  to   space 1600K,   0% used [0x042e0000, 0x042e0000, 0x04470000)
 tenured generation   total 31924K, used 26618K [0x18bb0000, 0x1aadd000, 0x43660000)
   the space 31924K,  83% used [0x18bb0000, 0x1a5aeac0, 0x1a5aec00, 0x1aadd000)
 compacting perm gen  total 12288K, used 3528K [0x43660000, 0x44260000, 0x47660000)
   the space 12288K,  28% used [0x43660000, 0x439d2148, 0x439d2200, 0x44260000)
No shared spaces configured.
}
Event: 8.720 GC heap before
{Heap before GC invocations=28 (full 2):
 def new generation   total 14400K, used 14400K [0x03660000, 0x04600000, 0x18bb0000)
  eden space 12800K, 100% used [0x03660000, 0x042e0000, 0x042e0000)
  from space 1600K, 100% used [0x04470000, 0x04600000, 0x04600000)
  to   space 1600K,   0% used [0x042e0000, 0x042e0000, 0x04470000)
 tenured generation   total 31924K, used 26618K [0x18bb0000, 0x1aadd000, 0x43660000)
   the space 31924K,  83% used [0x18bb0000, 0x1a5aeac0, 0x1a5aec00, 0x1aadd000)
 compacting perm gen  total 12288K, used 3528K [0x43660000, 0x44260000, 0x47660000)
   the space 12288K,  28% used [0x43660000, 0x439d2148, 0x439d2200, 0x44260000)
No shared spaces configured.
Event: 8.750 GC heap after
Heap after GC invocations=29 (full 2):
 def new generation   total 14400K, used 1599K [0x03660000, 0x04600000, 0x18bb0000)
  eden space 12800K,   0% used [0x03660000, 0x03660000, 0x042e0000)
  from space 1600K,  99% used [0x042e0000, 0x0446fff8, 0x04470000)
  to   space 1600K,   0% used [0x04470000, 0x04470000, 0x04600000)
 tenured generation   total 31924K, used 28238K [0x18bb0000, 0x1aadd000, 0x43660000)
   the space 31924K,  88% used [0x18bb0000, 0x1a743aa0, 0x1a743c00, 0x1aadd000)
 compacting perm gen  total 12288K, used 3528K [0x43660000, 0x44260000, 0x47660000)
   the space 12288K,  28% used [0x43660000, 0x439d2148, 0x439d2200, 0x44260000)
No shared spaces configured.
}
Event: 8.890 GC heap before
{Heap before GC invocations=29 (full 2):
 def new generation   total 14400K, used 14399K [0x03660000, 0x04600000, 0x18bb0000)
  eden space 12800K, 100% used [0x03660000, 0x042e0000, 0x042e0000)
  from space 1600K,  99% used [0x042e0000, 0x0446fff8, 0x04470000)
  to   space 1600K,   0% used [0x04470000, 0x04470000, 0x04600000)
 tenured generation   total 31924K, used 28238K [0x18bb0000, 0x1aadd000, 0x43660000)
   the space 31924K,  88% used [0x18bb0000, 0x1a743aa0, 0x1a743c00, 0x1aadd000)
 compacting perm gen  total 12288K, used 3528K [0x43660000, 0x44260000, 0x47660000)
   the space 12288K,  28% used [0x43660000, 0x439d2148, 0x439d2200, 0x44260000)
No shared spaces configured.
Event: 8.916 GC heap after
Heap after GC invocations=30 (full 2):
 def new generation   total 14400K, used 1599K [0x03660000, 0x04600000, 0x18bb0000)
  eden space 12800K,   0% used [0x03660000, 0x03660000, 0x042e0000)
  from space 1600K,  99% used [0x04470000, 0x045ffff8, 0x04600000)
  to   space 1600K,   0% used [0x042e0000, 0x042e0000, 0x04470000)
 tenured generation   total 31924K, used 30117K [0x18bb0000, 0x1aadd000, 0x43660000)
   the space 31924K,  94% used [0x18bb0000, 0x1a9196c0, 0x1a919800, 0x1aadd000)
 compacting perm gen  total 12288K, used 3528K [0x43660000, 0x44260000, 0x47660000)
   the space 12288K,  28% used [0x43660000, 0x439d2148, 0x439d2200, 0x44260000)
No shared spaces configured.
}
Event: 9.041 GC heap before
{Heap before GC invocations=30 (full 2):
 def new generation   total 14400K, used 14399K [0x03660000, 0x04600000, 0x18bb0000)
  eden space 12800K, 100% used [0x03660000, 0x042e0000, 0x042e0000)
  from space 1600K,  99% used [0x04470000, 0x045ffff8, 0x04600000)
  to   space 1600K,   0% used [0x042e0000, 0x042e0000, 0x04470000)
 tenured generation   total 31924K, used 30117K [0x18bb0000, 0x1aadd000, 0x43660000)
   the space 31924K,  94% used [0x18bb0000, 0x1a9196c0, 0x1a919800, 0x1aadd000)
 compacting perm gen  total 12288K, used 3528K [0x43660000, 0x44260000, 0x47660000)
   the space 12288K,  28% used [0x43660000, 0x439d2148, 0x439d2200, 0x44260000)
No shared spaces configured.
Event: 9.335 GC heap after
Heap after GC invocations=31 (full 3):
 def new generation   total 14592K, used 1242K [0x03660000, 0x04630000, 0x18bb0000)
  eden space 12992K,   9% used [0x03660000, 0x03796808, 0x04310000)
  from space 1600K,   0% used [0x04310000, 0x04310000, 0x044a0000)
  to   space 1600K,   0% used [0x044a0000, 0x044a0000, 0x04630000)
 tenured generation   total 32308K, used 32307K [0x18bb0000, 0x1ab3d000, 0x43660000)
   the space 32308K,  99% used [0x18bb0000, 0x1ab3cff0, 0x1ab3d000, 0x1ab3d000)
 compacting perm gen  total 12288K, used 3528K [0x43660000, 0x44260000, 0x47660000)
   the space 12288K,  28% used [0x43660000, 0x439d2148, 0x439d2200, 0x44260000)
No shared spaces configured.
}
Event: 9.464 GC heap before
{Heap before GC invocations=31 (full 3):
 def new generation   total 14592K, used 12992K [0x03660000, 0x04630000, 0x18bb0000)
  eden space 12992K, 100% used [0x03660000, 0x04310000, 0x04310000)
  from space 1600K,   0% used [0x04310000, 0x04310000, 0x044a0000)
  to   space 1600K,   0% used [0x044a0000, 0x044a0000, 0x04630000)
 tenured generation   total 32308K, used 32307K [0x18bb0000, 0x1ab3d000, 0x43660000)
   the space 32308K,  99% used [0x18bb0000, 0x1ab3cff0, 0x1ab3d000, 0x1ab3d000)
 compacting perm gen  total 12288K, used 3528K [0x43660000, 0x44260000, 0x47660000)
   the space 12288K,  28% used [0x43660000, 0x439d2148, 0x439d2200, 0x44260000)
No shared spaces configured.

Deoptimization events (0 events):
No events

Internal exceptions (10 events):
Event: 2.627 Thread 0x0135c000 Threw 0x0366a008 at C:\re\jdk7u51\527\hotspot\src\share\vm\prims\jvm.cpp:1244
Event: 2.647 Thread 0x49920c00 Threw 0x036de0d0 at C:\re\jdk7u51\527\hotspot\src\share\vm\prims\jvm.cpp:1244
Event: 2.705 Thread 0x49900800 Threw 0x037bcc80 at C:\re\jdk7u51\527\hotspot\src\share\vm\prims\jvm.cpp:1244
Event: 3.332 Thread 0x0135c000 Threw 0x039157c0 at C:\re\jdk7u51\527\hotspot\src\share\vm\prims\jvm.cpp:1244
Event: 3.588 Thread 0x0135c000 Threw 0x038d4e90 at C:\re\jdk7u51\527\hotspot\src\share\vm\prims\jvm.cpp:1244
Event: 3.589 Thread 0x0135c000 Threw 0x038e90a0 at C:\re\jdk7u51\527\hotspot\src\share\vm\prims\jvm.cpp:1244
Event: 3.615 Thread 0x49920c00 Threw 0x03a25388 at C:\re\jdk7u51\527\hotspot\src\share\vm\prims\jvm.cpp:1244
Event: 3.662 Thread 0x49920c00 Threw 0x03755c68 at C:\re\jdk7u51\527\hotspot\src\share\vm\prims\jvm.cpp:1244
Event: 6.091 Thread 0x49920c00 Threw 0x037c5320 at C:\re\jdk7u51\527\hotspot\src\share\vm\prims\jvm.cpp:1244
Event: 6.638 Thread 0x4992d000 Threw 0x03881fa8 at C:\re\jdk7u51\527\hotspot\src\share\vm\prims\jvm.cpp:1244

Events (10 events):
Event: 8.254 Executing VM operation: GenCollectForAllocation done
Event: 8.405 Executing VM operation: GenCollectForAllocation
Event: 8.455 Executing VM operation: GenCollectForAllocation done
Event: 8.720 Executing VM operation: GenCollectForAllocation
Event: 8.750 Executing VM operation: GenCollectForAllocation done
Event: 8.882 Executing VM operation: GenCollectForAllocation
Event: 8.916 Executing VM operation: GenCollectForAllocation done
Event: 9.033 Executing VM operation: GenCollectForAllocation
Event: 9.335 Executing VM operation: GenCollectForAllocation done
Event: 9.462 Executing VM operation: GenCollectForAllocation


Dynamic libraries:
0x00170000 - 0x0019f000 	C:\Program Files\Java\jdk1.7.0_51\bin\java.exe
0x77490000 - 0x775d1000 	C:\Windows\SYSTEM32\ntdll.dll
0x758f0000 - 0x759c4000 	C:\Windows\system32\kernel32.dll
0x75500000 - 0x7554b000 	C:\Windows\system32\KERNELBASE.dll
0x762a0000 - 0x76341000 	C:\Windows\system32\ADVAPI32.dll
0x76630000 - 0x766dc000 	C:\Windows\system32\msvcrt.dll
0x76250000 - 0x76269000 	C:\Windows\SYSTEM32\sechost.dll
0x77630000 - 0x776d2000 	C:\Windows\system32\RPCRT4.dll
0x76180000 - 0x76249000 	C:\Windows\system32\USER32.dll
0x763f0000 - 0x7643e000 	C:\Windows\system32\GDI32.dll
0x763d0000 - 0x763da000 	C:\Windows\system32\LPK.dll
0x767a0000 - 0x7683d000 	C:\Windows\system32\USP10.dll
0x74430000 - 0x745ce000 	C:\Windows\WinSxS\x86_microsoft.windows.common-controls_6595b64144ccf1df_6.0.7601.18837_none_41e855142bd5705d\COMCTL32.dll
0x766e0000 - 0x76737000 	C:\Windows\system32\SHLWAPI.dll
0x76160000 - 0x7617f000 	C:\Windows\system32\IMM32.DLL
0x75e50000 - 0x75f1c000 	C:\Windows\system32\MSCTF.dll
0x60e70000 - 0x60f2f000 	C:\Program Files\Java\jdk1.7.0_51\jre\bin\msvcr100.dll
0x548f0000 - 0x54c70000 	C:\Program Files\Java\jdk1.7.0_51\jre\bin\client\jvm.dll
0x6ce50000 - 0x6ce57000 	C:\Windows\system32\WSOCK32.dll
0x775e0000 - 0x77615000 	C:\Windows\system32\WS2_32.dll
0x764d0000 - 0x764d6000 	C:\Windows\system32\NSI.dll
0x73310000 - 0x73342000 	C:\Windows\system32\WINMM.dll
0x763e0000 - 0x763e5000 	C:\Windows\system32\PSAPI.DLL
0x64590000 - 0x6459c000 	C:\Program Files\Java\jdk1.7.0_51\jre\bin\verify.dll
0x60df0000 - 0x60e10000 	C:\Program Files\Java\jdk1.7.0_51\jre\bin\java.dll
0x60dd0000 - 0x60de3000 	C:\Program Files\Java\jdk1.7.0_51\jre\bin\zip.dll
0x60b00000 - 0x60b14000 	C:\Program Files\Java\jdk1.7.0_51\jre\bin\net.dll
0x74e60000 - 0x74e9c000 	C:\Windows\system32\mswsock.dll
0x74e50000 - 0x74e56000 	C:\Windows\System32\wship6.dll
0x64570000 - 0x6457f000 	C:\Program Files\Java\jdk1.7.0_51\jre\bin\nio.dll
0x710d0000 - 0x711bb000 	C:\Windows\system32\dbghelp.dll

VM Arguments:
jvm_args: -Djava.awt.headless=true -Xmx1024M -Dfile.encoding=windows-1252 -Duser.country=US -Duser.language=en -Duser.variant 
java_command: com.android.dx.command.Main --dex --num-threads=4 --output C:\Users\A C E R\Desktop\Ling-O-Ragon\Ling-O-Ragon\app\build\intermediates\pre-dexed\debug\com.android.support-appcompat-v7-23.1.1_ed67825b0b1768cf3ba0bec5d41e3868f115168c.jar C:\Users\A C E R\Desktop\Ling-O-Ragon\Ling-O-Ragon\app\build\intermediates\exploded-aar\com.android.support\appcompat-v7\23.1.1\jars\classes.jar
Launcher Type: SUN_STANDARD

Environment Variables:
PATH=C:\Program Files\Common Files\Microsoft Shared\Windows Live;C:\Windows\system32;C:\Windows;C:\Windows\System32\Wbem;C:\Windows\System32\WindowsPowerShell\v1.0\;C:\Program Files\MySQL\MySQL Utilities\;C:\Program Files\MySQL\MySQL Utilities\Doctrine extensions for PHP\;C:\Program Files\Windows Kits\8.1\Windows Performance Toolkit\;C:\Program Files\Microsoft SQL Server\110\Tools\Binn\;C:\Program Files\Microsoft SDKs\TypeScript\1.0\;C:\Program Files\GtkSharp\2.12\bin;C:\Program Files\Common Files\Microsoft Shared\Windows Live;C:\Windows\system32;C:\Windows;C:\Windows\System32\Wbem;C:\Windows\System32\WindowsPowerShell\v1.0\;C:\Program Files\MySQL\MySQL Utilities\;C:\Program Files\MySQL\MySQL Utilities\Doctrine extensions for PHP\;C:\Program Files\Windows Kits\8.1\Windows Performance Toolkit\;C:\Program Files\Microsoft SQL Server\110\Tools\Binn\;C:\Program Files\Microsoft SDKs\TypeScript\1.0\;C:\Program Files\Google\google_appengine\
USERNAME=A C E R
OS=Windows_NT
PROCESSOR_IDENTIFIER=x86 Family 6 Model 14 Stepping 12, GenuineIntel



---------------  S Y S T E M  ---------------

OS: Windows 7 Build 7601 Service Pack 1

CPU:total 2 (2 cores per cpu, 1 threads per core) family 6 model 14 stepping 12, cmov, cx8, fxsr, mmx, sse, sse2, sse3, tsc

Memory: 4k page, physical 2097152k(122152k free), swap 3481800k(4756k free)

vm_info: Java HotSpot(TM) Client VM (24.51-b03) for windows-x86 JRE (1.7.0_51-b13), built on Dec 18 2013 19:09:58 by "java_re" with unknown MS VC++:1600

time: Sat Jan 30 14:50:26 2016
elapsed time: 10 seconds

